# JRE version: OpenJDK Runtime Environment (Zulu 8.70.0.23-CA-macos-aarch64) (8.0_372-b07) (build 1.8.0_372-b07)
# Java VM: OpenJDK 64-Bit Server VM (25.372-b07 mixed mode bsd-aarch64 compressed oops)
Heap:
 PSYoungGen      total 28672K, used 12156K [0x00000007be000000, 0x00000007c0000000, 0x00000007c0000000)
  eden space 24576K, 49% used [0x00000007be000000,0x00000007bebdf180,0x00000007bf800000)
  from space 4096K, 0% used [0x00000007bf800000,0x00000007bf800000,0x00000007bfc00000)
  to   space 4096K, 0% used [0x00000007bfc00000,0x00000007bfc00000,0x00000007c0000000)
 ParOldGen       total 65536K, used 59670K [0x00000007ba000000, 0x00000007be000000, 0x00000007be000000)
  object space 65536K, 91% used [0x00000007ba000000,0x00000007bda45b08,0x00000007be000000)
 Metaspace       used 17277K, capacity 17738K, committed 20736K, reserved 1067008K
  class space    used 2294K, capacity 2386K, committed 3072K, reserved 1048576K
GC Heap History (10 events):
Event: 1.507 GC heap before
{Heap before GC invocations=3 (full 0):
 PSYoungGen      total 28672K, used 28664K [0x00000007be000000, 0x00000007c0000000, 0x00000007c0000000)
  eden space 24576K, 100% used [0x00000007be000000,0x00000007bf800000,0x00000007bf800000)
  from space 4096K, 99% used [0x00000007bfc00000,0x00000007bfffe160,0x00000007c0000000)
  to   space 4096K, 0% used [0x00000007bf800000,0x00000007bf800000,0x00000007bfc00000)
 ParOldGen       total 65536K, used 6751K [0x00000007ba000000, 0x00000007be000000, 0x00000007be000000)
  object space 65536K, 10% used [0x00000007ba000000,0x00000007ba697e58,0x00000007be000000)
 Metaspace       used 19050K, capacity 19382K, committed 19712K, reserved 1067008K
  class space    used 2694K, capacity 2798K, committed 2816K, reserved 1048576K
Event: 1.516 GC heap after
Heap after GC invocations=3 (full 0):
 PSYoungGen      total 28672K, used 4085K [0x00000007be000000, 0x00000007c0000000, 0x00000007c0000000)
  eden space 24576K, 0% used [0x00000007be000000,0x00000007be000000,0x00000007bf800000)
  from space 4096K, 99% used [0x00000007bf800000,0x00000007bfbfd448,0x00000007bfc00000)
  to   space 4096K, 0% used [0x00000007bfc00000,0x00000007bfc00000,0x00000007c0000000)
 ParOldGen       total 65536K, used 9395K [0x00000007ba000000, 0x00000007be000000, 0x00000007be000000)
  object space 65536K, 14% used [0x00000007ba000000,0x00000007ba92ccb8,0x00000007be000000)
 Metaspace       used 19050K, capacity 19382K, committed 19712K, reserved 1067008K
  class space    used 2694K, capacity 2798K, committed 2816K, reserved 1048576K
}
Event: 1.606 GC heap before
{Heap before GC invocations=4 (full 0):
 PSYoungGen      total 28672K, used 26009K [0x00000007be000000, 0x00000007c0000000, 0x00000007c0000000)
  eden space 24576K, 89% used [0x00000007be000000,0x00000007bf569040,0x00000007bf800000)
  from space 4096K, 99% used [0x00000007bf800000,0x00000007bfbfd448,0x00000007bfc00000)
  to   space 4096K, 0% used [0x00000007bfc00000,0x00000007bfc00000,0x00000007c0000000)
 ParOldGen       total 65536K, used 58547K [0x00000007ba000000, 0x00000007be000000, 0x00000007be000000)
  object space 65536K, 89% used [0x00000007ba000000,0x00000007bd92ccd8,0x00000007be000000)
 Metaspace       used 20055K, capacity 20582K, committed 20736K, reserved 1067008K
  class space    used 2847K, capacity 2952K, committed 3072K, reserved 1048576K
Event: 1.619 GC heap after
Heap after GC invocations=4 (full 0):
 PSYoungGen      total 28672K, used 26009K [0x00000007be000000, 0x00000007c0000000, 0x00000007c0000000)
  eden space 24576K, 89% used [0x00000007be000000,0x00000007bf569040,0x00000007bf800000)
  from space 4096K, 99% used [0x00000007bf800000,0x00000007bfbfd448,0x00000007bfc00000)
  to   space 4096K, 99% used [0x00000007bfc00000,0x00000007bfffe170,0x00000007c0000000)
 ParOldGen       total 65536K, used 59442K [0x00000007ba000000, 0x00000007be000000, 0x00000007be000000)
  object space 65536K, 90% used [0x00000007ba000000,0x00000007bda0c8e0,0x00000007be000000)
 Metaspace       used 20055K, capacity 20582K, committed 20736K, reserved 1067008K
  class space    used 2847K, capacity 2952K, committed 3072K, reserved 1048576K
}
Event: 1.619 GC heap before
{Heap before GC invocations=5 (full 1):
 PSYoungGen      total 28672K, used 26009K [0x00000007be000000, 0x00000007c0000000, 0x00000007c0000000)
  eden space 24576K, 89% used [0x00000007be000000,0x00000007bf569040,0x00000007bf800000)
  from space 4096K, 99% used [0x00000007bf800000,0x00000007bfbfd448,0x00000007bfc00000)
  to   space 4096K, 99% used [0x00000007bfc00000,0x00000007bfffe170,0x00000007c0000000)
 ParOldGen       total 65536K, used 59442K [0x00000007ba000000, 0x00000007be000000, 0x00000007be000000)
  object space 65536K, 90% used [0x00000007ba000000,0x00000007bda0c8e0,0x00000007be000000)
 Metaspace       used 20055K, capacity 20582K, committed 20736K, reserved 1067008K
  class space    used 2847K, capacity 2952K, committed 3072K, reserved 1048576K
Event: 1.654 GC heap after
Heap after GC invocations=5 (full 1):
 PSYoungGen      total 28672K, used 11845K [0x00000007be000000, 0x00000007c0000000, 0x00000007c0000000)
  eden space 24576K, 48% used [0x00000007be000000,0x00000007beb914a8,0x00000007bf800000)
  from space 4096K, 0% used [0x00000007bf800000,0x00000007bf800000,0x00000007bfc00000)
  to   space 4096K, 0% used [0x00000007bfc00000,0x00000007bfc00000,0x00000007c0000000)
 ParOldGen       total 65536K, used 59763K [0x00000007ba000000, 0x00000007be000000, 0x00000007be000000)
  object space 65536K, 91% used [0x00000007ba000000,0x00000007bda5cd20,0x00000007be000000)
 Metaspace       used 17289K, capacity 17764K, committed 20736K, reserved 1067008K
  class space    used 2299K, capacity 2397K, committed 3072K, reserved 1048576K
}
Event: 1.654 GC heap before
{Heap before GC invocations=6 (full 1):
 PSYoungGen      total 28672K, used 11845K [0x00000007be000000, 0x00000007c0000000, 0x00000007c0000000)
  eden space 24576K, 48% used [0x00000007be000000,0x00000007beb914a8,0x00000007bf800000)
  from space 4096K, 0% used [0x00000007bf800000,0x00000007bf800000,0x00000007bfc00000)
  to   space 4096K, 0% used [0x00000007bfc00000,0x00000007bfc00000,0x00000007c0000000)
 ParOldGen       total 65536K, used 59763K [0x00000007ba000000, 0x00000007be000000, 0x00000007be000000)
  object space 65536K, 91% used [0x00000007ba000000,0x00000007bda5cd20,0x00000007be000000)
 Metaspace       used 17289K, capacity 17764K, committed 20736K, reserved 1067008K
  class space    used 2299K, capacity 2397K, committed 3072K, reserved 1048576K
Event: 1.658 GC heap after
Heap after GC invocations=6 (full 1):
 PSYoungGen      total 28672K, used 11845K [0x00000007be000000, 0x00000007c0000000, 0x00000007c0000000)
  eden space 24576K, 48% used [0x00000007be000000,0x00000007beb914a8,0x00000007bf800000)
  from space 4096K, 0% used [0x00000007bf800000,0x00000007bf800000,0x00000007bfc00000)
  to   space 4096K, 91% used [0x00000007bfc00000,0x00000007bffa5428,0x00000007c0000000)
 ParOldGen       total 65536K, used 59763K [0x00000007ba000000, 0x00000007be000000, 0x00000007be000000)
  object space 65536K, 91% used [0x00000007ba000000,0x00000007bda5cd20,0x00000007be000000)
 Metaspace       used 17289K, capacity 17764K, committed 20736K, reserved 1067008K
  class space    used 2299K, capacity 2397K, committed 3072K, reserved 1048576K
}
Event: 1.658 GC heap before
{Heap before GC invocations=7 (full 2):
 PSYoungGen      total 28672K, used 11845K [0x00000007be000000, 0x00000007c0000000, 0x00000007c0000000)
  eden space 24576K, 48% used [0x00000007be000000,0x00000007beb914a8,0x00000007bf800000)
  from space 4096K, 0% used [0x00000007bf800000,0x00000007bf800000,0x00000007bfc00000)
  to   space 4096K, 91% used [0x00000007bfc00000,0x00000007bffa5428,0x00000007c0000000)
 ParOldGen       total 65536K, used 59763K [0x00000007ba000000, 0x00000007be000000, 0x00000007be000000)
  object space 65536K, 91% used [0x00000007ba000000,0x00000007bda5cd20,0x00000007be000000)
 Metaspace       used 17289K, capacity 17764K, committed 20736K, reserved 1067008K
  class space    used 2299K, capacity 2397K, committed 3072K, reserved 1048576K
Event: 1.676 GC heap after
Heap after GC invocations=7 (full 2):
 PSYoungGen      total 28672K, used 11661K [0x00000007be000000, 0x00000007c0000000, 0x00000007c0000000)
  eden space 24576K, 47% used [0x00000007be000000,0x00000007beb637c8,0x00000007bf800000)
  from space 4096K, 0% used [0x00000007bf800000,0x00000007bf800000,0x00000007bfc00000)
  to   space 4096K, 0% used [0x00000007bfc00000,0x00000007bfc00000,0x00000007c0000000)
 ParOldGen       total 65536K, used 59670K [0x00000007ba000000, 0x00000007be000000, 0x00000007be000000)
  object space 65536K, 91% used [0x00000007ba000000,0x00000007bda45b08,0x00000007be000000)
 Metaspace       used 17273K, capacity 17738K, committed 20736K, reserved 1067008K
  class space    used 2293K, capacity 2386K, committed 3072K, reserved 1048576K
}

