<?xml version="1.0" encoding="UTF-8"?>
<testsuite name="datadog.communication.serialization.IntPackingTest" tests="10" skipped="0" failures="0" errors="0" timestamp="2025-01-03T18:40:25" hostname="COMP-GHXRH1QQ7F" time="0.048">
  <properties/>
  <testcase name="Input case 1" classname="datadog.communication.serialization.IntPackingTest" time="0.018" file="./communication/src/test/groovy/datadog/communication/serialization/IntPackingTest.groovy"/>
  <testcase name="Input case 2" classname="datadog.communication.serialization.IntPackingTest" time="0.001" file="./communication/src/test/groovy/datadog/communication/serialization/IntPackingTest.groovy"/>
  <testcase name="Input case 3" classname="datadog.communication.serialization.IntPackingTest" time="0.001" file="./communication/src/test/groovy/datadog/communication/serialization/IntPackingTest.groovy"/>
  <testcase name="Input case 4" classname="datadog.communication.serialization.IntPackingTest" time="0.003" file="./communication/src/test/groovy/datadog/communication/serialization/IntPackingTest.groovy"/>
  <testcase name="Input case 5" classname="datadog.communication.serialization.IntPackingTest" time="0.007" file="./communication/src/test/groovy/datadog/communication/serialization/IntPackingTest.groovy"/>
  <testcase name="Input case 1" classname="datadog.communication.serialization.IntPackingTest" time="0.002" file="./communication/src/test/groovy/datadog/communication/serialization/IntPackingTest.groovy"/>
  <testcase name="Input case 2" classname="datadog.communication.serialization.IntPackingTest" time="0.0" file="./communication/src/test/groovy/datadog/communication/serialization/IntPackingTest.groovy"/>
  <testcase name="Input case 3" classname="datadog.communication.serialization.IntPackingTest" time="0.0" file="./communication/src/test/groovy/datadog/communication/serialization/IntPackingTest.groovy"/>
  <testcase name="Input case 4" classname="datadog.communication.serialization.IntPackingTest" time="0.003" file="./communication/src/test/groovy/datadog/communication/serialization/IntPackingTest.groovy"/>
  <testcase name="Input case 5" classname="datadog.communication.serialization.IntPackingTest" time="0.006" file="./communication/src/test/groovy/datadog/communication/serialization/IntPackingTest.groovy"/>
  <system-out><![CDATA[]]></system-out>
  <system-err><![CDATA[]]></system-err>
</testsuite>
